<?xml version="1.0" ?>
<!DOCTYPE coverage
  SYSTEM 'http://cobertura.sourceforge.net/xml/coverage-03.dtd'>
<coverage branch-rate="0" line-rate="0.4483" timestamp="1375818307337" version="3.6">
    <!-- Generated by coverage.py: http://nedbatchelder.com/code/coverage -->
    <packages>
        <package branch-rate="0" complexity="0" line-rate="0.4483" name="">
            <classes>
                <class branch-rate="0" complexity="0" filename="setup.py" line-rate="0" name="setup">
                    <methods/>
                    <lines>
                        <line hits="0" number="2"/>
                        <line hits="0" number="12"/>
                        <line hits="1" number="13"/>
                        <line hits="1" number="14"/>
                        <line hits="0" number="16"/>
                    </lines>
                </class>
                <class branch-rate="0" complexity="0" filename="src/pytest_phabricator/plugin.py" line-rate="0.1875" name="src/pytest_phabricator/plugin">
                    <methods/>
                    <lines>
                        <line hits="1" number="1"/>
                        <line hits="1" number="2"/>
                        <line hits="1" number="3"/>
                        <line hits="0" number="7"/>
                    </lines>
                </class>
            </classes>
        </package>
    </packages>
</coverage>
